<?xml version="1.0" encoding="UTF-8"?>
<TestRun id="27ad444c-026e-4c0e-a42a-c72acacf2fa3" name="HANY@HANY 2015-12-02 16:22:17" runUser="HANY\HANY" xmlns="http://microsoft.com/schemas/VisualStudio/TeamTest/2010">
  <TestSettings name="Local" id="0854da5a-3015-4737-adbf-9cab2d2d836e">
    <Description>These are default test settings for a local test run.</Description>
    <Deployment userDeploymentRoot="C:\Users\HANY\Documents\Stack Builders\PicoPlaca\TestResults" useDefaultDeploymentRoot="false" enabled="false" runDeploymentRoot="HANY_HANY 2015-12-02 16_22_17">
      <DeploymentItem filename="C:\Users\HANY\Documents\Stack Builders\PicoPlaca\PicoYPlacaForm\bin\Debug\PicoYPlacaNameSpace.exe" />
      <DeploymentItem filename="C:\Users\HANY\Documents\Stack Builders\PicoPlaca\PicoYPlacaForm\obj\x86\Release\PicoYPlacaNameSpace.exe" />
      <DeploymentItem filename="C:\Users\HANY\Documents\Stack Builders\PicoPlaca\PicoPlacaClass\bin\Debug\PicoPlacaClass.dll" />
    </Deployment>
    <Execution>
      <TestTypeSpecific />
      <AgentRule name="Execution Agents">
      </AgentRule>
    </Execution>
  </TestSettings>
  <Times creation="2015-12-02T16:22:17.6427869-05:00" queuing="2015-12-02T16:22:21.0164707-05:00" start="2015-12-02T16:22:21.3446042-05:00" finish="2015-12-02T16:22:39.8501834-05:00" />
  <ResultSummary outcome="Error">
    <Counters total="1" executed="1" error="0" failed="0" timeout="0" aborted="1" inconclusive="0" passedButRunAborted="0" notRunnable="0" notExecuted="0" disconnected="0" warning="0" passed="0" completed="0" inProgress="0" pending="0" />
    <RunInfos>
      <RunInfo computerName="HANY" outcome="Error" timestamp="2015-12-02T16:22:39.8481814-05:00">
        <Text>Test host process exited unexpectedly.</Text>
      </RunInfo>
    </RunInfos>
  </ResultSummary>
  <TestDefinitions>
    <UnitTest name="predictorTest" storage="c:\users\hany\documents\stack builders\picoplaca\picoplaca\bin\debug\picoplaca.dll" id="242ddfbf-663d-fc3b-6ec3-0733360f1cbb">
      <Execution id="322b8cf7-42ef-4272-a20e-51d58c9a7087" />
      <TestMethod codeBase="C:/Users/HANY/Documents/Stack Builders/PicoPlaca/PicoPlaca/bin/Debug/PicoPlaca.DLL" adapterTypeName="Microsoft.VisualStudio.TestTools.TestTypes.Unit.UnitTestAdapter, Microsoft.VisualStudio.QualityTools.Tips.UnitTest.Adapter, Version=10.0.0.0, Culture=neutral, PublicKeyToken=b03f5f7f11d50a3a" className="PicoPlacaNameSpaces.UnitTest1, PicoPlaca, Version=1.0.0.0, Culture=neutral, PublicKeyToken=null" name="predictorTest" />
    </UnitTest>
  </TestDefinitions>
  <TestLists>
    <TestList name="Results Not in a List" id="8c84fa94-04c1-424b-9868-57a2d4851a1d" />
    <TestList name="All Loaded Results" id="19431567-8539-422a-85d7-44ee4e166bda" />
  </TestLists>
  <TestEntries>
    <TestEntry testId="242ddfbf-663d-fc3b-6ec3-0733360f1cbb" executionId="322b8cf7-42ef-4272-a20e-51d58c9a7087" testListId="8c84fa94-04c1-424b-9868-57a2d4851a1d" />
  </TestEntries>
  <Results>
    <UnitTestResult executionId="322b8cf7-42ef-4272-a20e-51d58c9a7087" testId="242ddfbf-663d-fc3b-6ec3-0733360f1cbb" testName="predictorTest" computerName="HANY" duration="00:00:18.1774494" startTime="2015-12-02T16:22:21.6727340-05:00" endTime="2015-12-02T16:22:39.8501834-05:00" testType="13cdc9d9-ddb5-4fa4-a97d-d965ccfc6d4b" outcome="Aborted" testListId="8c84fa94-04c1-424b-9868-57a2d4851a1d" relativeResultsDirectory="322b8cf7-42ef-4272-a20e-51d58c9a7087">
    </UnitTestResult>
  </Results>
</TestRun>