<?xml version="1.0" encoding="UTF-8"?>
<TestRun id="f4c55733-abbb-4b42-a1fa-be8c852a9531" name="HANY@HANY 2015-12-03 17:22:30" runUser="HANY\HANY" xmlns="http://microsoft.com/schemas/VisualStudio/TeamTest/2010">
  <TestSettings name="Local" id="0854da5a-3015-4737-adbf-9cab2d2d836e">
    <Description>These are default test settings for a local test run.</Description>
    <Deployment userDeploymentRoot="C:\Users\HANY\Documents\Stack Builders\PicoPlaca\TestResults" useDefaultDeploymentRoot="false" enabled="false" runDeploymentRoot="HANY_HANY 2015-12-03 17_22_30">
      <DeploymentItem filename="C:\Users\HANY\Documents\Stack Builders\PicoPlaca\PicoYPlacaForm\bin\Debug\PicoYPlacaNameSpace.exe" />
      <DeploymentItem filename="C:\Users\HANY\Documents\Stack Builders\PicoPlaca\PicoPlacaClass\bin\Debug\PicoPlacaClass.dll" />
    </Deployment>
    <Execution>
      <TestTypeSpecific />
      <AgentRule name="Execution Agents">
      </AgentRule>
    </Execution>
  </TestSettings>
  <Times creation="2015-12-03T17:22:30.1766947-05:00" queuing="2015-12-03T17:22:32.2485232-05:00" start="2015-12-03T17:22:32.5057066-05:00" finish="2015-12-03T17:24:09.5943441-05:00" />
  <ResultSummary outcome="Error">
    <Counters total="1" executed="1" error="0" failed="0" timeout="0" aborted="1" inconclusive="0" passedButRunAborted="0" notRunnable="0" notExecuted="0" disconnected="0" warning="0" passed="0" completed="0" inProgress="0" pending="0" />
    <RunInfos>
      <RunInfo computerName="HANY" outcome="Error" timestamp="2015-12-03T17:24:09.5923432-05:00">
        <Text>Test host process exited unexpectedly.</Text>
      </RunInfo>
    </RunInfos>
  </ResultSummary>
  <TestDefinitions>
    <UnitTest name="predictorTest" storage="c:\users\hany\documents\stack builders\picoplaca\picoplaca\bin\debug\picoplaca.dll" id="242ddfbf-663d-fc3b-6ec3-0733360f1cbb">
      <Execution id="e1ec26c7-6a56-4a15-9de3-967f20b31959" />
      <TestMethod codeBase="C:/Users/HANY/Documents/Stack Builders/PicoPlaca/PicoPlaca/bin/Debug/PicoPlaca.DLL" adapterTypeName="Microsoft.VisualStudio.TestTools.TestTypes.Unit.UnitTestAdapter, Microsoft.VisualStudio.QualityTools.Tips.UnitTest.Adapter, Version=10.0.0.0, Culture=neutral, PublicKeyToken=b03f5f7f11d50a3a" className="PicoPlacaNameSpaces.UnitTest1, PicoPlaca, Version=1.0.0.0, Culture=neutral, PublicKeyToken=null" name="predictorTest" />
    </UnitTest>
  </TestDefinitions>
  <TestLists>
    <TestList name="Results Not in a List" id="8c84fa94-04c1-424b-9868-57a2d4851a1d" />
    <TestList name="All Loaded Results" id="19431567-8539-422a-85d7-44ee4e166bda" />
  </TestLists>
  <TestEntries>
    <TestEntry testId="242ddfbf-663d-fc3b-6ec3-0733360f1cbb" executionId="e1ec26c7-6a56-4a15-9de3-967f20b31959" testListId="8c84fa94-04c1-424b-9868-57a2d4851a1d" />
  </TestEntries>
  <Results>
    <UnitTestResult executionId="e1ec26c7-6a56-4a15-9de3-967f20b31959" testId="242ddfbf-663d-fc3b-6ec3-0733360f1cbb" testName="predictorTest" computerName="HANY" duration="00:01:36.8334507" startTime="2015-12-03T17:22:32.7598936-05:00" endTime="2015-12-03T17:24:09.5933443-05:00" testType="13cdc9d9-ddb5-4fa4-a97d-d965ccfc6d4b" outcome="Aborted" testListId="8c84fa94-04c1-424b-9868-57a2d4851a1d" relativeResultsDirectory="e1ec26c7-6a56-4a15-9de3-967f20b31959">
    </UnitTestResult>
  </Results>
</TestRun>